[debug] [2022-05-11T16:20:07.348Z] ----------------------------------------------------------------------
[debug] [2022-05-11T16:20:07.350Z] Command:       D:\Node\node.exe D:\ReactCourses\TaskSet9\firebasee_todo\node_modules\firebase-tools\lib\bin\firebase.js init
[debug] [2022-05-11T16:20:07.350Z] CLI Version:   10.9.0
[debug] [2022-05-11T16:20:07.351Z] Platform:      win32
[debug] [2022-05-11T16:20:07.351Z] Node Version:  v17.3.1
[debug] [2022-05-11T16:20:07.352Z] Time:          Wed May 11 2022 19:20:07 GMT+0300 (Eastern European Summer Time)
[debug] [2022-05-11T16:20:07.352Z] ----------------------------------------------------------------------
[debug] 
[debug] [2022-05-11T16:20:07.422Z] > command requires scopes: ["email","openid","https://www.googleapis.com/auth/cloudplatformprojects.readonly","https://www.googleapis.com/auth/firebase","https://www.googleapis.com/auth/cloud-platform"]
[debug] [2022-05-11T16:20:07.423Z] > authorizing via signed-in user (vasya19956a@gmail.com)
[info] 
     ######## #### ########  ######## ########     ###     ######  ########
     ##        ##  ##     ## ##       ##     ##  ##   ##  ##       ##
     ######    ##  ########  ######   ########  #########  ######  ######
     ##        ##  ##    ##  ##       ##     ## ##     ##       ## ##
     ##       #### ##     ## ######## ########  ##     ##  ######  ########

You're about to initialize a Firebase project in this directory:

  D:\ReactCourses\TaskSet9\firebasee_todo

Before we get started, keep in mind:

  * You are initializing within an existing Firebase project directory

[info] 
=== Project Setup
[info] 
[info] First, let's associate this project directory with a Firebase project.
[info] You can create multiple project aliases by running firebase use --add, 
[info] but for now we'll just set up a default project.
[info] 
[debug] [2022-05-11T16:20:12.464Z] Using project from CLI flag: todo-with-database12
[debug] [2022-05-11T16:20:12.467Z] >>> [apiv2][query] GET https://firebase.googleapis.com/v1beta1/projects/todo-with-database12 [none]
[debug] [2022-05-11T16:20:13.015Z] <<< [apiv2][status] GET https://firebase.googleapis.com/v1beta1/projects/todo-with-database12 200
[debug] [2022-05-11T16:20:13.015Z] <<< [apiv2][body] GET https://firebase.googleapis.com/v1beta1/projects/todo-with-database12 {"projectId":"todo-with-database12","projectNumber":"475025406407","displayName":"todo-with-database12","name":"projects/todo-with-database12","resources":{"hostingSite":"todo-with-database12","storageBucket":"todo-with-database12.appspot.com","locationId":"europe-west"},"state":"ACTIVE"}
[info] i  Using project todo-with-database12 (todo-with-database12) 
[info] 
=== Firestore Setup
[debug] [2022-05-11T16:20:13.022Z] >>> [apiv2][query] GET https://serviceusage.googleapis.com/v1/projects/todo-with-database12/services/firestore.googleapis.com [none]
[debug] [2022-05-11T16:20:14.109Z] <<< [apiv2][status] GET https://serviceusage.googleapis.com/v1/projects/todo-with-database12/services/firestore.googleapis.com 200
[debug] [2022-05-11T16:20:14.109Z] <<< [apiv2][body] GET https://serviceusage.googleapis.com/v1/projects/todo-with-database12/services/firestore.googleapis.com [omitted]
[debug] [2022-05-11T16:20:14.110Z] > refreshing access token with scopes: ["email","https://www.googleapis.com/auth/cloud-platform","https://www.googleapis.com/auth/cloudplatformprojects.readonly","https://www.googleapis.com/auth/firebase","openid"]
[debug] [2022-05-11T16:20:14.110Z] >>> HTTP REQUEST POST https://www.googleapis.com/oauth2/v3/token  
 <request body omitted>
[debug] [2022-05-11T16:20:14.390Z] <<< HTTP RESPONSE 200 {"cache-control":"no-cache, no-store, max-age=0, must-revalidate","expires":"Mon, 01 Jan 1990 00:00:00 GMT","date":"Wed, 11 May 2022 16:18:49 GMT","pragma":"no-cache","content-type":"application/json; charset=utf-8","vary":"X-Origin, Referer, Origin,Accept-Encoding","server":"scaffolding on HTTPServer2","x-xss-protection":"0","x-frame-options":"SAMEORIGIN","x-content-type-options":"nosniff","alt-svc":"h3=\":443\"; ma=2592000,h3-29=\":443\"; ma=2592000,h3-Q050=\":443\"; ma=2592000,h3-Q046=\":443\"; ma=2592000,h3-Q043=\":443\"; ma=2592000,quic=\":443\"; ma=2592000; v=\"46,43\"","accept-ranges":"none","transfer-encoding":"chunked"}
[debug] [2022-05-11T16:20:14.406Z] >>> HTTP REQUEST GET https://appengine.googleapis.com/v1/apps/todo-with-database12  
 
[debug] [2022-05-11T16:20:14.819Z] <<< HTTP RESPONSE 200 {"content-type":"application/json; charset=UTF-8","vary":"X-Origin, Referer, Origin,Accept-Encoding","date":"Wed, 11 May 2022 16:18:50 GMT","server":"ESF","cache-control":"private","x-xss-protection":"0","x-frame-options":"SAMEORIGIN","x-content-type-options":"nosniff","alt-svc":"h3=\":443\"; ma=2592000,h3-29=\":443\"; ma=2592000,h3-Q050=\":443\"; ma=2592000,h3-Q046=\":443\"; ma=2592000,h3-Q043=\":443\"; ma=2592000,quic=\":443\"; ma=2592000; v=\"46,43\"","accept-ranges":"none","transfer-encoding":"chunked"}
[debug] [2022-05-11T16:20:14.819Z] database_type: CLOUD_FIRESTORE
[debug] [2022-05-11T16:20:14.820Z] > command requires scopes: ["email","openid","https://www.googleapis.com/auth/cloudplatformprojects.readonly","https://www.googleapis.com/auth/firebase","https://www.googleapis.com/auth/cloud-platform"]
[debug] [2022-05-11T16:20:14.820Z] > authorizing via signed-in user (vasya19956a@gmail.com)
[debug] [2022-05-11T16:20:14.820Z] [iam] checking project todo-with-database12 for permissions ["firebase.projects.get"]
[debug] [2022-05-11T16:20:14.820Z] > refreshing access token with scopes: []
[debug] [2022-05-11T16:20:14.821Z] >>> HTTP REQUEST POST https://www.googleapis.com/oauth2/v3/token  
 <request body omitted>
[debug] [2022-05-11T16:20:15.049Z] <<< HTTP RESPONSE 200 {"date":"Wed, 11 May 2022 16:18:50 GMT","pragma":"no-cache","cache-control":"no-cache, no-store, max-age=0, must-revalidate","expires":"Mon, 01 Jan 1990 00:00:00 GMT","content-type":"application/json; charset=utf-8","vary":"X-Origin, Referer, Origin,Accept-Encoding","server":"scaffolding on HTTPServer2","x-xss-protection":"0","x-frame-options":"SAMEORIGIN","x-content-type-options":"nosniff","alt-svc":"h3=\":443\"; ma=2592000,h3-29=\":443\"; ma=2592000,h3-Q050=\":443\"; ma=2592000,h3-Q046=\":443\"; ma=2592000,h3-Q043=\":443\"; ma=2592000,quic=\":443\"; ma=2592000; v=\"46,43\"","accept-ranges":"none","transfer-encoding":"chunked"}
[debug] [2022-05-11T16:20:15.065Z] >>> [apiv2][query] POST https://cloudresourcemanager.googleapis.com/v1/projects/todo-with-database12:testIamPermissions [none]
[debug] [2022-05-11T16:20:15.065Z] >>> [apiv2][body] POST https://cloudresourcemanager.googleapis.com/v1/projects/todo-with-database12:testIamPermissions {"permissions":["firebase.projects.get"]}
[debug] [2022-05-11T16:20:15.952Z] <<< [apiv2][status] POST https://cloudresourcemanager.googleapis.com/v1/projects/todo-with-database12:testIamPermissions 200
[debug] [2022-05-11T16:20:15.952Z] <<< [apiv2][body] POST https://cloudresourcemanager.googleapis.com/v1/projects/todo-with-database12:testIamPermissions {"permissions":["firebase.projects.get"]}
[info] 
[info] Firestore Security Rules allow you to define how and when to allow
[info] requests. You can keep these rules in your project directory
[info] and publish them with firebase deploy.
[info] 
[info] 
[info] Firestore indexes allow you to perform complex queries while
[info] maintaining performance that scales with the size of the result
[info] set. You can keep index definitions in your project directory
[info] and publish them with firebase deploy.
[info] 
[info] 
=== Functions Setup
[info] 
[info] A functions directory will be created in your project with sample code
[info] pre-configured. Functions can be deployed with firebase deploy.
[info] 
[debug] [2022-05-11T16:20:37.249Z] > command requires scopes: ["email","openid","https://www.googleapis.com/auth/cloudplatformprojects.readonly","https://www.googleapis.com/auth/firebase","https://www.googleapis.com/auth/cloud-platform"]
[debug] [2022-05-11T16:20:37.249Z] > authorizing via signed-in user (vasya19956a@gmail.com)
[debug] [2022-05-11T16:20:37.249Z] [iam] checking project todo-with-database12 for permissions ["firebase.projects.get"]
[debug] [2022-05-11T16:20:37.249Z] >>> [apiv2][query] POST https://cloudresourcemanager.googleapis.com/v1/projects/todo-with-database12:testIamPermissions [none]
[debug] [2022-05-11T16:20:37.249Z] >>> [apiv2][body] POST https://cloudresourcemanager.googleapis.com/v1/projects/todo-with-database12:testIamPermissions {"permissions":["firebase.projects.get"]}
[debug] [2022-05-11T16:20:38.159Z] <<< [apiv2][status] POST https://cloudresourcemanager.googleapis.com/v1/projects/todo-with-database12:testIamPermissions 200
[debug] [2022-05-11T16:20:38.159Z] <<< [apiv2][body] POST https://cloudresourcemanager.googleapis.com/v1/projects/todo-with-database12:testIamPermissions {"permissions":["firebase.projects.get"]}
[debug] [2022-05-11T16:20:38.160Z] >>> [apiv2][query] GET https://serviceusage.googleapis.com/v1/projects/todo-with-database12/services/cloudfunctions.googleapis.com [none]
[debug] [2022-05-11T16:20:38.164Z] >>> [apiv2][query] GET https://serviceusage.googleapis.com/v1/projects/todo-with-database12/services/runtimeconfig.googleapis.com [none]
[debug] [2022-05-11T16:20:39.223Z] <<< [apiv2][status] GET https://serviceusage.googleapis.com/v1/projects/todo-with-database12/services/runtimeconfig.googleapis.com 200
[debug] [2022-05-11T16:20:39.223Z] <<< [apiv2][body] GET https://serviceusage.googleapis.com/v1/projects/todo-with-database12/services/runtimeconfig.googleapis.com [omitted]
[debug] [2022-05-11T16:20:39.273Z] <<< [apiv2][status] GET https://serviceusage.googleapis.com/v1/projects/todo-with-database12/services/cloudfunctions.googleapis.com 200
[debug] [2022-05-11T16:20:39.273Z] <<< [apiv2][body] GET https://serviceusage.googleapis.com/v1/projects/todo-with-database12/services/cloudfunctions.googleapis.com [omitted]
[info] i  Skipping write of functions/package.json 
[info] +  Wrote functions/index.js 
[info] +  Wrote functions/.gitignore 
[info] 
=== Hosting Setup
[info] 
[info] Your public directory is the folder (relative to your project directory) that
[info] will contain Hosting assets to be uploaded with firebase deploy. If you
[info] have a build process for your assets, use your build's output directory.
[info] 
[info] +  Wrote public/404.html 
[debug] [2022-05-11T16:21:44.427Z] >>> [apiv2][query] GET https://www.gstatic.com/firebasejs/releases.json [none]
[debug] [2022-05-11T16:21:44.605Z] <<< [apiv2][status] GET https://www.gstatic.com/firebasejs/releases.json 200
[debug] [2022-05-11T16:21:44.605Z] <<< [apiv2][body] GET https://www.gstatic.com/firebasejs/releases.json {"current":{"version":"9.8.1","browserURL":"https://www.gstatic.com/firebasejs/9.8.1/firebase.js","packageURL":"https://www.gstatic.com/firebasejs/9.8.1/firebase.tgz"},"live":{"version":"9.8","browserURL":"https://www.gstatic.com/firebasejs/live/9.8/firebase.js","packageURL":"https://www.gstatic.com/firebasejs/live/9.8/firebase.tgz"},"components":{"analytics":"https://www.gstatic.com/firebasejs/9.8.1/firebase-analytics.js","app":"https://www.gstatic.com/firebasejs/9.8.1/firebase-app.js","app-check":"https://www.gstatic.com/firebasejs/9.8.1/firebase-app-check.js","auth":"https://www.gstatic.com/firebasejs/9.8.1/firebase-auth.js","auth/cordova":"https://www.gstatic.com/firebasejs/9.8.1/firebase-auth/cordova.js","auth/react-native":"https://www.gstatic.com/firebasejs/9.8.1/firebase-auth/react-native.js","functions":"https://www.gstatic.com/firebasejs/9.8.1/firebase-functions.js","firestore":"https://www.gstatic.com/firebasejs/9.8.1/firebase-firestore.js","firestore/lite":"https://www.gstatic.com/firebasejs/9.8.1/firebase-firestore/lite.js","storage":"https://www.gstatic.com/firebasejs/9.8.1/firebase-storage.js","performance":"https://www.gstatic.com/firebasejs/9.8.1/firebase-performance.js","remote-config":"https://www.gstatic.com/firebasejs/9.8.1/firebase-remote-config.js","messaging":"https://www.gstatic.com/firebasejs/9.8.1/firebase-messaging.js","messaging/sw":"https://www.gstatic.com/firebasejs/9.8.1/firebase-messaging/sw.js","database":"https://www.gstatic.com/firebasejs/9.8.1/firebase-database.js","firestore.memory":"https://www.gstatic.com/firebasejs/9.8.1/firebase-firestore.memory.js"}}
[info] +  Wrote public/index.html 
[info] 
[info] i  Detected a .git folder at D:\ReactCourses 
[info] i  Authorizing with GitHub to upload your service account to a GitHub repository's secrets store. 
[info] 
[info] Visit this URL on this device to log in:
[info] https://github.com/login/oauth/authorize?client_id=89cf50f02ac6aaed3484&state=305886361&redirect_uri=http%3A%2F%2Flocalhost%3A9005&scope=read%3Auser%20repo%20public_repo
[info] 
[info] Waiting for authentication...
[debug] [2022-05-11T16:21:57.110Z] >>> HTTP REQUEST POST https://github.com/login/oauth/access_token  
 {"client_id":"89cf50f02ac6aaed3484","client_secret":"3330d14abc895d9a74d5f17cd7a00711fa2c5bf0","code":"0ed6bb5460d39a052a6e","redirect_uri":"http://localhost:9005","state":"305886361"}
[debug] [2022-05-11T16:21:57.456Z] <<< HTTP RESPONSE 200 {"server":"GitHub.com","date":"Wed, 11 May 2022 16:20:32 GMT","content-type":"application/json; charset=utf-8","transfer-encoding":"chunked","vary":"X-PJAX, X-PJAX-Container, Accept-Encoding, Accept, X-Requested-With","permissions-policy":"interest-cohort=()","etag":"W/\"bb8adbce2dda512f59dfcfa63c628be2\"","cache-control":"max-age=0, private, must-revalidate","strict-transport-security":"max-age=31536000; includeSubdomains; preload","x-frame-options":"deny","x-content-type-options":"nosniff","x-xss-protection":"0","referrer-policy":"origin-when-cross-origin, strict-origin-when-cross-origin","expect-ct":"max-age=2592000, report-uri=\"https://api.github.com/_private/browser/errors\"","content-security-policy":"default-src 'none'; base-uri 'self'; block-all-mixed-content; child-src github.com/assets-cdn/worker/ gist.github.com/assets-cdn/worker/; connect-src 'self' uploads.github.com objects-origin.githubusercontent.com www.githubstatus.com collector.github.com raw.githubusercontent.com api.github.com github-cloud.s3.amazonaws.com github-production-repository-file-5c1aeb.s3.amazonaws.com github-production-upload-manifest-file-7fdce7.s3.amazonaws.com github-production-user-asset-6210df.s3.amazonaws.com cdn.optimizely.com logx.optimizely.com/v1/events translator.github.com *.actions.githubusercontent.com wss://*.actions.githubusercontent.com online.visualstudio.com/api/v1/locations github-production-repository-image-32fea6.s3.amazonaws.com github-production-release-asset-2e65be.s3.amazonaws.com insights.github.com wss://alive.github.com; font-src github.githubassets.com; form-action 'self' github.com gist.github.com objects-origin.githubusercontent.com; frame-ancestors 'none'; frame-src render.githubusercontent.com viewscreen.githubusercontent.com notebooks.githubusercontent.com; img-src 'self' data: github.githubassets.com identicons.github.com github-cloud.s3.amazonaws.com secured-user-images.githubusercontent.com/ *.githubusercontent.com; manifest-src 'self'; media-src github.com user-images.githubusercontent.com/; script-src github.githubassets.com; style-src 'unsafe-inline' github.githubassets.com; worker-src github.com/assets-cdn/worker/ gist.github.com/assets-cdn/worker/","x-github-request-id":"DD03:8581:EC0713:10095B8:627BE250"}
[debug] [2022-05-11T16:21:57.470Z] >>> [apiv2][query] GET https://api.github.com/user [none]
[debug] [2022-05-11T16:21:57.837Z] <<< [apiv2][status] GET https://api.github.com/user 200
[debug] [2022-05-11T16:21:57.838Z] <<< [apiv2][body] GET https://api.github.com/user {"login":"rucar12","id":61633913,"node_id":"MDQ6VXNlcjYxNjMzOTEz","avatar_url":"https://avatars.githubusercontent.com/u/61633913?v=4","gravatar_id":"","url":"https://api.github.com/users/rucar12","html_url":"https://github.com/rucar12","followers_url":"https://api.github.com/users/rucar12/followers","following_url":"https://api.github.com/users/rucar12/following{/other_user}","gists_url":"https://api.github.com/users/rucar12/gists{/gist_id}","starred_url":"https://api.github.com/users/rucar12/starred{/owner}{/repo}","subscriptions_url":"https://api.github.com/users/rucar12/subscriptions","organizations_url":"https://api.github.com/users/rucar12/orgs","repos_url":"https://api.github.com/users/rucar12/repos","events_url":"https://api.github.com/users/rucar12/events{/privacy}","received_events_url":"https://api.github.com/users/rucar12/received_events","type":"User","site_admin":false,"name":"Liubomyr","company":null,"blog":"","location":null,"email":null,"hireable":null,"bio":null,"twitter_username":null,"public_repos":4,"public_gists":0,"followers":0,"following":0,"created_at":"2020-02-29T19:38:06Z","updated_at":"2022-03-30T18:42:56Z","private_gists":0,"total_private_repos":1,"owned_private_repos":1,"disk_usage":10575,"collaborators":0,"two_factor_authentication":true,"plan":{"name":"free","space":976562499,"collaborators":0,"private_repos":10000}}
[info] 
[info] +  Success! Logged into GitHub as rucar12 
[info] 
[debug] [2022-05-11T16:22:07.105Z] >>> [apiv2][query] GET https://api.github.com/repos//actions/secrets/public-key type=owner
[debug] [2022-05-11T16:22:07.334Z] <<< [apiv2][status] GET https://api.github.com/repos//actions/secrets/public-key 404
[debug] [2022-05-11T16:22:07.334Z] <<< [apiv2][body] GET https://api.github.com/repos//actions/secrets/public-key {"message":"Not Found","documentation_url":"https://docs.github.com/rest"}
[debug] [2022-05-11T16:22:11.615Z] >>> [apiv2][query] GET https://api.github.com/repos//actions/secrets/public-key type=owner
[debug] [2022-05-11T16:22:11.832Z] <<< [apiv2][status] GET https://api.github.com/repos//actions/secrets/public-key 404
[debug] [2022-05-11T16:22:11.832Z] <<< [apiv2][body] GET https://api.github.com/repos//actions/secrets/public-key {"message":"Not Found","documentation_url":"https://docs.github.com/rest"}
